<?xml version="1.0" encoding="UTF-8"?>
<!-- Generated by org.testng.reporters.JUnitReportReporter -->
<testsuite hostname="DESKTOP-9HVER1J" failures="0" tests="3" name="Test_scenarios.TestSearchMethod" time="14.095" errors="0" timestamp="2022-07-21T19:24:27 IST" skipped="0">
  <testcase classname="Test_scenarios.TestSearchMethod" name="search" time="3.220"/>
  <system-out/>
  <testcase classname="Test_scenarios.TestSearchMethod" name="verifyFacebookLink" time="2.884"/>
  <system-out/>
  <testcase classname="Test_scenarios.TestSearchMethod" name="logintoFacebook" time="7.991"/>
  <system-out/>
</testsuite> <!-- Test_scenarios.TestSearchMethod -->
