<?xml version="1.0" encoding="UTF-8"?>
<!-- Generated by org.testng.reporters.JUnitReportReporter -->
<testsuite hostname="DESKTOP-9HVER1J" failures="0" tests="2" name="Test_scenarios.TestSearchMethod" time="6.478" errors="0" timestamp="2022-07-21T16:15:28 IST" skipped="0">
  <testcase classname="Test_scenarios.TestSearchMethod" name="search" time="3.373"/>
  <system-out/>
  <testcase classname="Test_scenarios.TestSearchMethod" name="verifyFacebookLink" time="3.105"/>
  <system-out/>
</testsuite> <!-- Test_scenarios.TestSearchMethod -->
