<?xml version="1.0" encoding="UTF-8"?>
<!-- Generated by org.testng.reporters.JUnitReportReporter -->
<testsuite hostname="DESKTOP-9HVER1J" failures="0" tests="3" name="Test_scenarios.TestSearchMethod" time="15.019" errors="0" timestamp="2022-07-23T12:18:52 IST" skipped="0">
  <testcase classname="Test_scenarios.TestSearchMethod" name="search" time="2.609"/>
  <system-out/>
  <testcase classname="Test_scenarios.TestSearchMethod" name="verifyFacebookLink" time="3.069"/>
  <system-out/>
  <testcase classname="Test_scenarios.TestSearchMethod" name="logintoFacebook" time="9.341"/>
  <system-out/>
</testsuite> <!-- Test_scenarios.TestSearchMethod -->
